<?xml version="1.0" encoding="UTF-8"?>
<testng-results skipped="0" failed="0" total="1" passed="1">
  <reporter-output>
  </reporter-output>
  <suite name="SmokeTest" duration-ms="36" started-at="2015-09-01T14:45:15Z" finished-at="2015-09-01T14:45:15Z">
    <groups>
      <group name="SmokeTest">
        <method signature="frst_prg.display()[pri:0, instance:Demo1.frst_prg@2f7a2457]" name="display" class="Demo1.frst_prg"/>
      </group> <!-- SmokeTest -->
    </groups>
    <test name="RegressionSet1" duration-ms="36" started-at="2015-09-01T14:45:15Z" finished-at="2015-09-01T14:45:15Z">
      <class name="Demo1.frst_prg">
        <test-method status="PASS" signature="display()[pri:0, instance:Demo1.frst_prg@2f7a2457]" name="display" duration-ms="15" started-at="2015-09-01T20:15:15Z" finished-at="2015-09-01T20:15:15Z">
          <reporter-output>
          </reporter-output>
        </test-method> <!-- display -->
      </class> <!-- Demo1.frst_prg -->
    </test> <!-- RegressionSet1 -->
  </suite> <!-- SmokeTest -->
</testng-results>
